{"message":"Item with id 3 updated","level":"info"}
{"message":"Item with id {item.id} created","level":"info"}
{"message":"Item with id 24 deleted","level":"info"}
{"message":"Unauthorized request to path: /items","level":"error"}
{"message":"Unauthorized request to path: /items","level":"error"}
{"message":"Unauthorized request to path: /items","level":"error"}
{"message":"Unauthorized request to path: /items","level":"error"}
{"message":"Unauthorized request to path: /items","level":"error"}
{"message":"Unauthorized request to path: /","level":"error"}
{"message":"Unauthorized request to path: /","level":"error"}
{"message":"Unauthorized request to path: /api/items","level":"error"}
{"message":"Unauthorized request to path: /api/items","level":"error"}
{"message":"Item with id 22 updated","level":"info"}
{"message":"Item with id 22 updated","level":"info"}
{"message":"Item with id 22 updated","level":"info"}
{"message":"Item with id 16 updated","level":"info"}
{"message":"Item with id 2 updated","level":"info"}
{"message":"Item with id 2 updated","level":"info"}
{"message":"Item with id 3 updated","level":"info"}
{"message":"Item with id 3 updated","level":"info"}
{"message":"Item with id 1 updated","level":"info"}
{"message":"Item with id 1 updated","level":"info"}
{"message":"Item with id 4 updated","level":"info"}
{"message":"Item with id 4 updated","level":"info"}
{"message":"Item with id 18 updated","level":"info"}
{"message":"Item with id 18 updated","level":"info"}
{"message":"Item with id 18 updated","level":"info"}
{"message":"Item with id 17 updated","level":"info"}
